[debug] [2023-03-14T09:21:32.765Z] ----------------------------------------------------------------------
[debug] [2023-03-14T09:21:32.767Z] Command:       C:\Program Files\nodejs\node.exe C:\Users\andro\AppData\Roaming\npm\node_modules\firebase-tools\lib\bin\firebase.js deploy
[debug] [2023-03-14T09:21:32.767Z] CLI Version:   11.21.0
[debug] [2023-03-14T09:21:32.768Z] Platform:      win32
[debug] [2023-03-14T09:21:32.768Z] Node Version:  v18.12.0
[debug] [2023-03-14T09:21:32.783Z] Time:          Tue Mar 14 2023 15:21:32 GMT+0600 (Bangladesh Standard Time)
[debug] [2023-03-14T09:21:32.784Z] ----------------------------------------------------------------------
[debug] 
[debug] [2023-03-14T09:21:32.787Z] >>> [apiv2][query] GET https://firebase-public.firebaseio.com/cli.json [none]
[debug] [2023-03-14T09:21:32.894Z] > command requires scopes: ["email","openid","https://www.googleapis.com/auth/cloudplatformprojects.readonly","https://www.googleapis.com/auth/firebase","https://www.googleapis.com/auth/cloud-platform"]
[debug] [2023-03-14T09:21:32.894Z] > authorizing via signed-in user (salafiyahnikah2021@gmail.com)
[debug] [2023-03-14T09:21:32.894Z] [iam] checking project used-cars-4f989 for permissions ["firebase.projects.get","firebasehosting.sites.update"]
[debug] [2023-03-14T09:21:32.895Z] > refreshing access token with scopes: []
[debug] [2023-03-14T09:21:32.896Z] >>> [apiv2][query] POST https://www.googleapis.com/oauth2/v3/token [none]
[debug] [2023-03-14T09:21:32.896Z] >>> [apiv2][body] POST https://www.googleapis.com/oauth2/v3/token [omitted]
[debug] [2023-03-14T09:21:33.162Z] <<< [apiv2][status] POST https://www.googleapis.com/oauth2/v3/token 200
[debug] [2023-03-14T09:21:33.162Z] <<< [apiv2][body] POST https://www.googleapis.com/oauth2/v3/token [omitted]
[debug] [2023-03-14T09:21:33.171Z] >>> [apiv2][query] POST https://cloudresourcemanager.googleapis.com/v1/projects/used-cars-4f989:testIamPermissions [none]
[debug] [2023-03-14T09:21:33.171Z] >>> [apiv2][(partial)header] POST https://cloudresourcemanager.googleapis.com/v1/projects/used-cars-4f989:testIamPermissions x-goog-quota-user=projects/used-cars-4f989
[debug] [2023-03-14T09:21:33.171Z] >>> [apiv2][body] POST https://cloudresourcemanager.googleapis.com/v1/projects/used-cars-4f989:testIamPermissions {"permissions":["firebase.projects.get","firebasehosting.sites.update"]}
[debug] [2023-03-14T09:21:33.567Z] <<< [apiv2][status] GET https://firebase-public.firebaseio.com/cli.json 200
[debug] [2023-03-14T09:21:33.567Z] <<< [apiv2][body] GET https://firebase-public.firebaseio.com/cli.json {"cloudBuildErrorAfter":1594252800000,"cloudBuildWarnAfter":1590019200000,"defaultNode10After":1594252800000,"minVersion":"3.0.5","node8DeploysDisabledAfter":1613390400000,"node8RuntimeDisabledAfter":1615809600000,"node8WarnAfter":1600128000000}
[debug] [2023-03-14T09:21:34.562Z] <<< [apiv2][status] POST https://cloudresourcemanager.googleapis.com/v1/projects/used-cars-4f989:testIamPermissions 200
[debug] [2023-03-14T09:21:34.562Z] <<< [apiv2][body] POST https://cloudresourcemanager.googleapis.com/v1/projects/used-cars-4f989:testIamPermissions {}
[debug] [2023-03-14T09:21:34.563Z] [iam] error while checking permissions, command may fail: FirebaseError: Authorization failed. This account is missing the following required permissions on project used-cars-4f989:

  firebase.projects.get
  firebasehosting.sites.update
[debug] [2023-03-14T09:21:34.564Z] >>> [apiv2][query] GET https://firebase.googleapis.com/v1beta1/projects/used-cars-4f989 [none]
[debug] [2023-03-14T09:21:35.129Z] <<< [apiv2][status] GET https://firebase.googleapis.com/v1beta1/projects/used-cars-4f989 403
[debug] [2023-03-14T09:21:35.130Z] <<< [apiv2][body] GET https://firebase.googleapis.com/v1beta1/projects/used-cars-4f989 {"error":{"code":403,"message":"The caller does not have permission","status":"PERMISSION_DENIED"}}
[debug] [2023-03-14T09:21:35.130Z] HTTP Error: 403, The caller does not have permission
[debug] [2023-03-14T09:21:35.357Z] FirebaseError: HTTP Error: 403, The caller does not have permission
    at responseToError (C:\Users\andro\AppData\Roaming\npm\node_modules\firebase-tools\lib\responseToError.js:49:12)
    at RetryOperation._fn (C:\Users\andro\AppData\Roaming\npm\node_modules\firebase-tools\lib\apiv2.js:288:77)
    at process.processTicksAndRejections (node:internal/process/task_queues:95:5)
[error] 
[error] Error: Failed to get Firebase project used-cars-4f989. Please make sure the project exists and your account has permission to access it.
